[debug] [2025-07-19T16:52:29.085Z] ----------------------------------------------------------------------
[debug] [2025-07-19T16:52:29.092Z] Command:       /usr/local/bin/node /usr/local/bin/firebase init
[debug] [2025-07-19T16:52:29.093Z] CLI Version:   14.11.0
[debug] [2025-07-19T16:52:29.093Z] Platform:      darwin
[debug] [2025-07-19T16:52:29.093Z] Node Version:  v22.17.0
[debug] [2025-07-19T16:52:29.093Z] Time:          Sat Jul 19 2025 17:52:29 GMT+0100 (British Summer Time)
[debug] [2025-07-19T16:52:29.093Z] ----------------------------------------------------------------------
[debug] 
[debug] [2025-07-19T16:52:29.185Z] > command requires scopes: ["email","openid","https://www.googleapis.com/auth/cloudplatformprojects.readonly","https://www.googleapis.com/auth/firebase","https://www.googleapis.com/auth/cloud-platform"]
[debug] [2025-07-19T16:52:29.185Z] > authorizing via signed-in user (sewak.gautam58@gmail.com)
[info] 
     ######## #### ########  ######## ########     ###     ######  ########
     ##        ##  ##     ## ##       ##     ##  ##   ##  ##       ##
     ######    ##  ########  ######   ########  #########  ######  ######
     ##        ##  ##    ##  ##       ##     ## ##     ##       ## ##
     ##       #### ##     ## ######## ########  ##     ##  ######  ########

You're about to initialize a Firebase project in this directory:

  /Users/sgaut/DREAM/krishipatro/krishipatro

Before we get started, keep in mind:

  * You are initializing within an existing Firebase project directory

[debug] [2025-07-19T16:52:30.708Z] ExitPromptError: User force closed the prompt with SIGINT
    at Interface.sigint (/usr/local/lib/node_modules/firebase-tools/node_modules/@inquirer/core/dist/commonjs/lib/create-prompt.js:101:37)
    at Interface.emit (node:events:518:28)
    at Interface.emit (node:domain:489:12)
    at [_ttyWrite] [as _ttyWrite] (node:internal/readline/interface:1132:18)
    at ReadStream.onkeypress (node:internal/readline/interface:271:20)
    at ReadStream.emit (node:events:530:35)
    at ReadStream.emit (node:domain:489:12)
    at emitKeys (node:internal/readline/utils:370:14)
    at emitKeys.next (<anonymous>)
    at ReadStream.onData (node:internal/readline/emitKeypressEvents:64:36)
[error] 
[error] Error: An unexpected error has occurred.
